android/app/build/intermediates/manifest_merge_blame_file/release/manifest-merger-blame-release-report.txt
1<?xml version="1.0" encoding="utf-8"?>
2<manifest xmlns:android="http://schemas.android.com/apk/res/android"
3    package="com.idenikey"
4    android:versionCode="35"
5    android:versionName="2.9.5" >
6
7    <uses-sdk
8        android:minSdkVersion="21"
9        android:targetSdkVersion="34" />
10
11    <uses-permission android:name="android.permission.INTERNET" />
11-->src/main/AndroidManifest.xml:3:5-67
11-->src/main/AndroidManifest.xml:3:22-64
12    <uses-permission android:name="android.permission.CAMERA" />
12-->src/main/AndroidManifest.xml:4:5-65
12-->src/main/AndroidManifest.xml:4:22-62
13    <uses-permission android:name="android.permission.RECORD_AUDIO" />
13-->src/main/AndroidManifest.xml:5:5-70
13-->src/main/AndroidManifest.xml:5:22-68
14    <uses-permission android:name="android.permission.READ_EXTERNAL_STORAGE" />
14-->src/main/AndroidManifest.xml:6:5-80
14-->src/main/AndroidManifest.xml:6:22-77
15    <uses-permission android:name="android.permission.WRITE_EXTERNAL_STORAGE" />
15-->src/main/AndroidManifest.xml:7:5-81
15-->src/main/AndroidManifest.xml:7:22-78
16
17    <uses-feature
17-->[:react-native-camera] AndroidManifest.xml:9:5-11:36
18        android:name="android.hardware.camera"
18-->[:react-native-camera] AndroidManifest.xml:10:9-47
19        android:required="false" />
19-->[:react-native-camera] AndroidManifest.xml:11:9-33
20    <uses-feature
20-->[:react-native-camera] AndroidManifest.xml:12:5-14:36
21        android:name="android.hardware.camera.autofocus"
21-->[:react-native-camera] AndroidManifest.xml:13:9-57
22        android:required="false" />
22-->[:react-native-camera] AndroidManifest.xml:14:9-33
23
24    <uses-permission android:name="android.permission.ACCESS_NETWORK_STATE" />
24-->[androidx.media3:media3-exoplayer:1.4.1] AndroidManifest.xml:22:5-79
24-->[androidx.media3:media3-exoplayer:1.4.1] AndroidManifest.xml:22:22-76
25    <uses-permission android:name="com.android.vending.BILLING" />
25-->[com.android.billingclient:billing:7.0.0] AndroidManifest.xml:10:5-67
25-->[com.android.billingclient:billing:7.0.0] AndroidManifest.xml:10:22-64
26
27    <queries>
27-->[com.android.billingclient:billing:7.0.0] AndroidManifest.xml:12:5-16:15
28        <intent>
28-->[com.android.billingclient:billing:7.0.0] AndroidManifest.xml:13:9-15:18
29            <action android:name="com.android.vending.billing.InAppBillingService.BIND" />
29-->[com.android.billingclient:billing:7.0.0] AndroidManifest.xml:14:13-91
29-->[com.android.billingclient:billing:7.0.0] AndroidManifest.xml:14:21-88
30        </intent>
31    </queries>
32
33    <permission
33-->[androidx.core:core:1.13.1] AndroidManifest.xml:22:5-24:47
34        android:name="com.idenikey.DYNAMIC_RECEIVER_NOT_EXPORTED_PERMISSION"
34-->[androidx.core:core:1.13.1] AndroidManifest.xml:23:9-81
35        android:protectionLevel="signature" />
35-->[androidx.core:core:1.13.1] AndroidManifest.xml:24:9-44
36
37    <uses-permission android:name="com.idenikey.DYNAMIC_RECEIVER_NOT_EXPORTED_PERMISSION" />
37-->[androidx.core:core:1.13.1] AndroidManifest.xml:26:5-97
37-->[androidx.core:core:1.13.1] AndroidManifest.xml:26:22-94
38
39    <application
39-->src/main/AndroidManifest.xml:9:5-28:19
40        android:name="com.idenikey.MainApplication"
40-->src/main/AndroidManifest.xml:10:7-38
41        android:allowBackup="false"
41-->src/main/AndroidManifest.xml:14:7-34
42        android:appComponentFactory="androidx.core.app.CoreComponentFactory"
42-->[androidx.core:core:1.13.1] AndroidManifest.xml:28:18-86
43        android:extractNativeLibs="true"
44        android:icon="@mipmap/ic_launcher"
44-->src/main/AndroidManifest.xml:12:7-41
45        android:label="@string/app_name"
45-->src/main/AndroidManifest.xml:11:7-39
46        android:roundIcon="@mipmap/ic_launcher_round"
46-->src/main/AndroidManifest.xml:13:7-52
47        android:theme="@style/AppTheme" >
47-->src/main/AndroidManifest.xml:15:7-38
48        <activity
48-->src/main/AndroidManifest.xml:16:7-27:18
49            android:name="com.idenikey.MainActivity"
49-->src/main/AndroidManifest.xml:17:9-37
50            android:configChanges="keyboard|keyboardHidden|orientation|screenLayout|screenSize|smallestScreenSize|uiMode"
50-->src/main/AndroidManifest.xml:19:9-118
51            android:exported="true"
51-->src/main/AndroidManifest.xml:22:9-32
52            android:label="@string/app_name"
52-->src/main/AndroidManifest.xml:18:9-41
53            android:launchMode="singleTask"
53-->src/main/AndroidManifest.xml:20:9-40
54            android:windowSoftInputMode="adjustResize" >
54-->src/main/AndroidManifest.xml:21:9-51
55            <intent-filter>
55-->src/main/AndroidManifest.xml:23:9-26:25
56                <action android:name="android.intent.action.MAIN" />
56-->src/main/AndroidManifest.xml:24:13-65
56-->src/main/AndroidManifest.xml:24:21-62
57
58                <category android:name="android.intent.category.LAUNCHER" />
58-->src/main/AndroidManifest.xml:25:13-73
58-->src/main/AndroidManifest.xml:25:23-70
59            </intent-filter>
60        </activity>
61
62        <provider
62-->[:react-native-image-picker] AndroidManifest.xml:8:9-16:20
63            android:name="com.imagepicker.ImagePickerProvider"
63-->[:react-native-image-picker] AndroidManifest.xml:9:13-63
64            android:authorities="com.idenikey.imagepickerprovider"
64-->[:react-native-image-picker] AndroidManifest.xml:10:13-71
65            android:exported="false"
65-->[:react-native-image-picker] AndroidManifest.xml:11:13-37
66            android:grantUriPermissions="true" >
66-->[:react-native-image-picker] AndroidManifest.xml:12:13-47
67            <meta-data
67-->[:react-native-image-picker] AndroidManifest.xml:13:13-15:70
68                android:name="android.support.FILE_PROVIDER_PATHS"
68-->[:react-native-image-picker] AndroidManifest.xml:14:17-67
69                android:resource="@xml/imagepicker_provider_paths" />
69-->[:react-native-image-picker] AndroidManifest.xml:15:17-67
70        </provider>
71        <provider
71-->[:react-native-webview] AndroidManifest.xml:8:9-16:20
72            android:name="com.reactnativecommunity.webview.RNCWebViewFileProvider"
72-->[:react-native-webview] AndroidManifest.xml:9:13-83
73            android:authorities="com.idenikey.fileprovider"
73-->[:react-native-webview] AndroidManifest.xml:10:13-64
74            android:exported="false"
74-->[:react-native-webview] AndroidManifest.xml:11:13-37
75            android:grantUriPermissions="true" >
75-->[:react-native-webview] AndroidManifest.xml:12:13-47
76            <meta-data
76-->[:react-native-image-picker] AndroidManifest.xml:13:13-15:70
77                android:name="android.support.FILE_PROVIDER_PATHS"
77-->[:react-native-image-picker] AndroidManifest.xml:14:17-67
78                android:resource="@xml/file_provider_paths" />
78-->[:react-native-image-picker] AndroidManifest.xml:15:17-67
79        </provider>
80
81        <meta-data
81-->[com.android.billingclient:billing:7.0.0] AndroidManifest.xml:19:9-21:37
82            android:name="com.google.android.play.billingclient.version"
82-->[com.android.billingclient:billing:7.0.0] AndroidManifest.xml:20:13-73
83            android:value="7.0.0" />
83-->[com.android.billingclient:billing:7.0.0] AndroidManifest.xml:21:13-34
84
85        <activity
85-->[com.android.billingclient:billing:7.0.0] AndroidManifest.xml:23:9-27:75
86            android:name="com.android.billingclient.api.ProxyBillingActivity"
86-->[com.android.billingclient:billing:7.0.0] AndroidManifest.xml:24:13-78
87            android:configChanges="keyboard|keyboardHidden|screenLayout|screenSize|orientation"
87-->[com.android.billingclient:billing:7.0.0] AndroidManifest.xml:25:13-96
88            android:exported="false"
88-->[com.android.billingclient:billing:7.0.0] AndroidManifest.xml:26:13-37
89            android:theme="@android:style/Theme.Translucent.NoTitleBar" />
89-->[com.android.billingclient:billing:7.0.0] AndroidManifest.xml:27:13-72
90        <activity
90-->[com.android.billingclient:billing:7.0.0] AndroidManifest.xml:28:9-32:75
91            android:name="com.android.billingclient.api.ProxyBillingActivityV2"
91-->[com.android.billingclient:billing:7.0.0] AndroidManifest.xml:29:13-80
92            android:configChanges="keyboard|keyboardHidden|screenLayout|screenSize|orientation"
92-->[com.android.billingclient:billing:7.0.0] AndroidManifest.xml:30:13-96
93            android:exported="false"
93-->[com.android.billingclient:billing:7.0.0] AndroidManifest.xml:31:13-37
94            android:theme="@android:style/Theme.Translucent.NoTitleBar" />
94-->[com.android.billingclient:billing:7.0.0] AndroidManifest.xml:32:13-72
95
96        <service
96-->[com.google.android.gms:play-services-mlkit-barcode-scanning:16.2.0] AndroidManifest.xml:9:9-15:19
97            android:name="com.google.mlkit.common.internal.MlKitComponentDiscoveryService"
97-->[com.google.android.gms:play-services-mlkit-barcode-scanning:16.2.0] AndroidManifest.xml:10:13-91
98            android:directBootAware="true"
98-->[com.google.mlkit:common:17.2.0] AndroidManifest.xml:17:13-43
99            android:exported="false" >
99-->[com.google.android.gms:play-services-mlkit-barcode-scanning:16.2.0] AndroidManifest.xml:11:13-37
100            <meta-data
100-->[com.google.android.gms:play-services-mlkit-barcode-scanning:16.2.0] AndroidManifest.xml:12:13-14:85
101                android:name="com.google.firebase.components:com.google.mlkit.vision.barcode.internal.BarcodeRegistrar"
101-->[com.google.android.gms:play-services-mlkit-barcode-scanning:16.2.0] AndroidManifest.xml:13:17-120
102                android:value="com.google.firebase.components.ComponentRegistrar" />
102-->[com.google.android.gms:play-services-mlkit-barcode-scanning:16.2.0] AndroidManifest.xml:14:17-82
103            <meta-data
103-->[com.google.android.gms:play-services-mlkit-face-detection:16.2.0] AndroidManifest.xml:12:13-14:85
104                android:name="com.google.firebase.components:com.google.mlkit.vision.face.internal.FaceRegistrar"
104-->[com.google.android.gms:play-services-mlkit-face-detection:16.2.0] AndroidManifest.xml:13:17-114
105                android:value="com.google.firebase.components.ComponentRegistrar" />
105-->[com.google.android.gms:play-services-mlkit-face-detection:16.2.0] AndroidManifest.xml:14:17-82
106            <meta-data
106-->[com.google.android.gms:play-services-mlkit-text-recognition:16.3.0] AndroidManifest.xml:12:13-14:85
107                android:name="com.google.firebase.components:com.google.mlkit.vision.text.internal.TextRegistrar"
107-->[com.google.android.gms:play-services-mlkit-text-recognition:16.3.0] AndroidManifest.xml:13:17-114
108                android:value="com.google.firebase.components.ComponentRegistrar" />
108-->[com.google.android.gms:play-services-mlkit-text-recognition:16.3.0] AndroidManifest.xml:14:17-82
109            <meta-data
109-->[com.google.mlkit:vision-common:16.5.0] AndroidManifest.xml:12:13-14:85
110                android:name="com.google.firebase.components:com.google.mlkit.vision.common.internal.VisionCommonRegistrar"
110-->[com.google.mlkit:vision-common:16.5.0] AndroidManifest.xml:13:17-124
111                android:value="com.google.firebase.components.ComponentRegistrar" />
111-->[com.google.mlkit:vision-common:16.5.0] AndroidManifest.xml:14:17-82
112            <meta-data
112-->[com.google.mlkit:common:17.2.0] AndroidManifest.xml:20:13-22:85
113                android:name="com.google.firebase.components:com.google.mlkit.common.internal.CommonComponentRegistrar"
113-->[com.google.mlkit:common:17.2.0] AndroidManifest.xml:21:17-120
114                android:value="com.google.firebase.components.ComponentRegistrar" />
114-->[com.google.mlkit:common:17.2.0] AndroidManifest.xml:22:17-82
115        </service>
116
117        <provider
117-->[com.google.mlkit:common:17.2.0] AndroidManifest.xml:9:9-13:38
118            android:name="com.google.mlkit.common.internal.MlKitInitProvider"
118-->[com.google.mlkit:common:17.2.0] AndroidManifest.xml:10:13-78
119            android:authorities="com.idenikey.mlkitinitprovider"
119-->[com.google.mlkit:common:17.2.0] AndroidManifest.xml:11:13-69
120            android:exported="false"
120-->[com.google.mlkit:common:17.2.0] AndroidManifest.xml:12:13-37
121            android:initOrder="99" />
121-->[com.google.mlkit:common:17.2.0] AndroidManifest.xml:13:13-35
122
123        <activity
123-->[com.google.android.gms:play-services-base:18.3.0] AndroidManifest.xml:20:9-22:45
124            android:name="com.google.android.gms.common.api.GoogleApiActivity"
124-->[com.google.android.gms:play-services-base:18.3.0] AndroidManifest.xml:20:19-85
125            android:exported="false"
125-->[com.google.android.gms:play-services-base:18.3.0] AndroidManifest.xml:22:19-43
126            android:theme="@android:style/Theme.Translucent.NoTitleBar" />
126-->[com.google.android.gms:play-services-base:18.3.0] AndroidManifest.xml:21:19-78
127
128        <meta-data
128-->[com.google.android.gms:play-services-basement:18.3.0] AndroidManifest.xml:21:9-23:69
129            android:name="com.google.android.gms.version"
129-->[com.google.android.gms:play-services-basement:18.3.0] AndroidManifest.xml:22:13-58
130            android:value="@integer/google_play_services_version" />
130-->[com.google.android.gms:play-services-basement:18.3.0] AndroidManifest.xml:23:13-66
131
132        <provider
132-->[androidx.emoji2:emoji2:1.2.0] AndroidManifest.xml:24:9-32:20
133            android:name="androidx.startup.InitializationProvider"
133-->[androidx.emoji2:emoji2:1.2.0] AndroidManifest.xml:25:13-67
134            android:authorities="com.idenikey.androidx-startup"
134-->[androidx.emoji2:emoji2:1.2.0] AndroidManifest.xml:26:13-68
135            android:exported="false" >
135-->[androidx.emoji2:emoji2:1.2.0] AndroidManifest.xml:27:13-37
136            <meta-data
136-->[androidx.emoji2:emoji2:1.2.0] AndroidManifest.xml:29:13-31:52
137                android:name="androidx.emoji2.text.EmojiCompatInitializer"
137-->[androidx.emoji2:emoji2:1.2.0] AndroidManifest.xml:30:17-75
138                android:value="androidx.startup" />
138-->[androidx.emoji2:emoji2:1.2.0] AndroidManifest.xml:31:17-49
139            <meta-data
139-->[androidx.lifecycle:lifecycle-process:2.6.2] AndroidManifest.xml:29:13-31:52
140                android:name="androidx.lifecycle.ProcessLifecycleInitializer"
140-->[androidx.lifecycle:lifecycle-process:2.6.2] AndroidManifest.xml:30:17-78
141                android:value="androidx.startup" />
141-->[androidx.lifecycle:lifecycle-process:2.6.2] AndroidManifest.xml:31:17-49
142            <meta-data
142-->[androidx.profileinstaller:profileinstaller:1.3.0] AndroidManifest.xml:29:13-31:52
143                android:name="androidx.profileinstaller.ProfileInstallerInitializer"
143-->[androidx.profileinstaller:profileinstaller:1.3.0] AndroidManifest.xml:30:17-85
144                android:value="androidx.startup" />
144-->[androidx.profileinstaller:profileinstaller:1.3.0] AndroidManifest.xml:31:17-49
145        </provider>
146
147        <service
147-->[com.google.android.datatransport:transport-backend-cct:3.1.8] AndroidManifest.xml:28:9-34:19
148            android:name="com.google.android.datatransport.runtime.backends.TransportBackendDiscovery"
148-->[com.google.android.datatransport:transport-backend-cct:3.1.8] AndroidManifest.xml:29:13-103
149            android:exported="false" >
149-->[com.google.android.datatransport:transport-backend-cct:3.1.8] AndroidManifest.xml:30:13-37
150            <meta-data
150-->[com.google.android.datatransport:transport-backend-cct:3.1.8] AndroidManifest.xml:31:13-33:39
151                android:name="backend:com.google.android.datatransport.cct.CctBackendFactory"
151-->[com.google.android.datatransport:transport-backend-cct:3.1.8] AndroidManifest.xml:32:17-94
152                android:value="cct" />
152-->[com.google.android.datatransport:transport-backend-cct:3.1.8] AndroidManifest.xml:33:17-36
153        </service>
154        <service
154-->[com.google.android.datatransport:transport-runtime:3.1.8] AndroidManifest.xml:26:9-30:19
155            android:name="com.google.android.datatransport.runtime.scheduling.jobscheduling.JobInfoSchedulerService"
155-->[com.google.android.datatransport:transport-runtime:3.1.8] AndroidManifest.xml:27:13-117
156            android:exported="false"
156-->[com.google.android.datatransport:transport-runtime:3.1.8] AndroidManifest.xml:28:13-37
157            android:permission="android.permission.BIND_JOB_SERVICE" >
157-->[com.google.android.datatransport:transport-runtime:3.1.8] AndroidManifest.xml:29:13-69
158        </service>
159
160        <receiver
160-->[com.google.android.datatransport:transport-runtime:3.1.8] AndroidManifest.xml:32:9-34:40
161            android:name="com.google.android.datatransport.runtime.scheduling.jobscheduling.AlarmManagerSchedulerBroadcastReceiver"
161-->[com.google.android.datatransport:transport-runtime:3.1.8] AndroidManifest.xml:33:13-132
162            android:exported="false" />
162-->[com.google.android.datatransport:transport-runtime:3.1.8] AndroidManifest.xml:34:13-37
163        <receiver
163-->[androidx.profileinstaller:profileinstaller:1.3.0] AndroidManifest.xml:34:9-52:20
164            android:name="androidx.profileinstaller.ProfileInstallReceiver"
164-->[androidx.profileinstaller:profileinstaller:1.3.0] AndroidManifest.xml:35:13-76
165            android:directBootAware="false"
165-->[androidx.profileinstaller:profileinstaller:1.3.0] AndroidManifest.xml:36:13-44
166            android:enabled="true"
166-->[androidx.profileinstaller:profileinstaller:1.3.0] AndroidManifest.xml:37:13-35
167            android:exported="true"
167-->[androidx.profileinstaller:profileinstaller:1.3.0] AndroidManifest.xml:38:13-36
168            android:permission="android.permission.DUMP" >
168-->[androidx.profileinstaller:profileinstaller:1.3.0] AndroidManifest.xml:39:13-57
169            <intent-filter>
169-->[androidx.profileinstaller:profileinstaller:1.3.0] AndroidManifest.xml:40:13-42:29
170                <action android:name="androidx.profileinstaller.action.INSTALL_PROFILE" />
170-->[androidx.profileinstaller:profileinstaller:1.3.0] AndroidManifest.xml:41:17-91
170-->[androidx.profileinstaller:profileinstaller:1.3.0] AndroidManifest.xml:41:25-88
171            </intent-filter>
172            <intent-filter>
172-->[androidx.profileinstaller:profileinstaller:1.3.0] AndroidManifest.xml:43:13-45:29
173                <action android:name="androidx.profileinstaller.action.SKIP_FILE" />
173-->[androidx.profileinstaller:profileinstaller:1.3.0] AndroidManifest.xml:44:17-85
173-->[androidx.profileinstaller:profileinstaller:1.3.0] AndroidManifest.xml:44:25-82
174            </intent-filter>
175            <intent-filter>
175-->[androidx.profileinstaller:profileinstaller:1.3.0] AndroidManifest.xml:46:13-48:29
176                <action android:name="androidx.profileinstaller.action.SAVE_PROFILE" />
176-->[androidx.profileinstaller:profileinstaller:1.3.0] AndroidManifest.xml:47:17-88
176-->[androidx.profileinstaller:profileinstaller:1.3.0] AndroidManifest.xml:47:25-85
177            </intent-filter>
178            <intent-filter>
178-->[androidx.profileinstaller:profileinstaller:1.3.0] AndroidManifest.xml:49:13-51:29
179                <action android:name="androidx.profileinstaller.action.BENCHMARK_OPERATION" />
179-->[androidx.profileinstaller:profileinstaller:1.3.0] AndroidManifest.xml:50:17-95
179-->[androidx.profileinstaller:profileinstaller:1.3.0] AndroidManifest.xml:50:25-92
180            </intent-filter>
181        </receiver>
182
183        <meta-data
183-->[com.facebook.soloader:soloader:0.10.5] AndroidManifest.xml:12:9-14:37
184            android:name="com.facebook.soloader.enabled"
184-->[com.facebook.soloader:soloader:0.10.5] AndroidManifest.xml:13:13-57
185            android:value="false" />
185-->[com.facebook.soloader:soloader:0.10.5] AndroidManifest.xml:14:13-34
186    </application>
187
188</manifest>